{"C:\\Users\\PC\\Desktop\\toar1\\rest-api-assignment\\src\\server.ts": {"path":"C:\\Users\\PC\\Desktop\\toar1\\rest-api-assignment\\src\\server.ts","statementMap":{"0":{"start":{"line":1,"column":0},"end":{"line":1,"column":43}},"1":{"start":{"line":2,"column":0},"end":{"line":2,"column":37}},"2":{"start":{"line":3,"column":12},"end":{"line":3,"column":21}},"3":{"start":{"line":4,"column":0},"end":{"line":4,"column":28}},"4":{"start":{"line":5,"column":0},"end":{"line":5,"column":16}},"5":{"start":{"line":6,"column":0},"end":{"line":6,"column":32}},"6":{"start":{"line":7,"column":0},"end":{"line":7,"column":47}},"7":{"start":{"line":8,"column":0},"end":{"line":8,"column":53}},"8":{"start":{"line":9,"column":0},"end":{"line":9,"column":45}},"9":{"start":{"line":10,"column":0},"end":{"line":10,"column":45}},"10":{"start":{"line":11,"column":0},"end":{"line":11,"column":41}},"11":{"start":{"line":12,"column":0},"end":{"line":12,"column":43}},"12":{"start":{"line":14,"column":0},"end":{"line":14,"column":27}},"13":{"start":{"line":15,"column":0},"end":{"line":15,"column":51}},"14":{"start":{"line":16,"column":0},"end":{"line":18,"column":3}},"15":{"start":{"line":17,"column":2},"end":{"line":17,"column":22}},"16":{"start":{"line":20,"column":0},"end":{"line":20,"column":31}},"17":{"start":{"line":21,"column":0},"end":{"line":21,"column":37}},"18":{"start":{"line":22,"column":0},"end":{"line":22,"column":29}},"19":{"start":{"line":23,"column":0},"end":{"line":23,"column":30}},"20":{"start":{"line":25,"column":16},"end":{"line":36,"column":4}},"21":{"start":{"line":37,"column":16},"end":{"line":37,"column":37}},"22":{"start":{"line":38,"column":2},"end":{"line":38,"column":64}},"23":{"start":{"line":41,"column":16},"end":{"line":66,"column":1}},"24":{"start":{"line":42,"column":2},"end":{"line":65,"column":5}},"25":{"start":{"line":43,"column":18},"end":{"line":43,"column":40}},"26":{"start":{"line":46,"column":4},"end":{"line":50,"column":5}},"27":{"start":{"line":47,"column":6},"end":{"line":47,"column":73}},"28":{"start":{"line":48,"column":6},"end":{"line":48,"column":53}},"29":{"start":{"line":49,"column":6},"end":{"line":49,"column":13}},"30":{"start":{"line":54,"column":4},"end":{"line":63,"column":9}},"31":{"start":{"line":57,"column":8},"end":{"line":57,"column":49}},"32":{"start":{"line":58,"column":8},"end":{"line":58,"column":21}},"33":{"start":{"line":61,"column":8},"end":{"line":61,"column":64}},"34":{"start":{"line":62,"column":8},"end":{"line":62,"column":20}},"35":{"start":{"line":68,"column":0},"end":{"line":68,"column":23}}},"fnMap":{"0":{"name":"(anonymous_1)","decl":{"start":{"line":16,"column":13},"end":{"line":16,"column":14}},"loc":{"start":{"line":16,"column":26},"end":{"line":18,"column":1}}},"1":{"name":"(anonymous_2)","decl":{"start":{"line":41,"column":16},"end":{"line":41,"column":37}},"loc":{"start":{"line":41,"column":39},"end":{"line":66,"column":1}}},"2":{"name":"(anonymous_3)","decl":{"start":{"line":42,"column":30},"end":{"line":42,"column":31}},"loc":{"start":{"line":42,"column":50},"end":{"line":65,"column":3}}},"3":{"name":"(anonymous_4)","decl":{"start":{"line":56,"column":12},"end":{"line":56,"column":15}},"loc":{"start":{"line":56,"column":17},"end":{"line":59,"column":7}}},"4":{"name":"(anonymous_5)","decl":{"start":{"line":60,"column":13},"end":{"line":60,"column":14}},"loc":{"start":{"line":60,"column":21},"end":{"line":63,"column":7}}}},"branchMap":{"0":{"loc":{"start":{"line":46,"column":4},"end":{"line":50,"column":5}},"type":"if","locations":[{"start":{"line":46,"column":4},"end":{"line":50,"column":5}}]}},"s":{"0":4,"1":4,"2":4,"3":4,"4":4,"5":4,"6":4,"7":4,"8":4,"9":4,"10":4,"11":4,"12":4,"13":4,"14":4,"15":0,"16":4,"17":4,"18":4,"19":4,"20":4,"21":4,"22":4,"23":4,"24":4,"25":4,"26":4,"27":0,"28":0,"29":0,"30":4,"31":4,"32":4,"33":0,"34":0,"35":4},"f":{"0":0,"1":4,"2":4,"3":4,"4":0},"b":{"0":[0]}}
,"C:\\Users\\PC\\Desktop\\toar1\\rest-api-assignment\\src\\controllers\\authController.ts": {"path":"C:\\Users\\PC\\Desktop\\toar1\\rest-api-assignment\\src\\controllers\\authController.ts","statementMap":{"0":{"start":{"line":2,"column":0},"end":{"line":2,"column":56}},"1":{"start":{"line":3,"column":0},"end":{"line":3,"column":28}},"2":{"start":{"line":4,"column":0},"end":{"line":4,"column":31}},"3":{"start":{"line":7,"column":17},"end":{"line":20,"column":2}},"4":{"start":{"line":7,"column":55},"end":{"line":20,"column":2}},"5":{"start":{"line":8,"column":2},"end":{"line":19,"column":3}},"6":{"start":{"line":9,"column":21},"end":{"line":9,"column":38}},"7":{"start":{"line":10,"column":17},"end":{"line":10,"column":41}},"8":{"start":{"line":11,"column":27},"end":{"line":11,"column":60}},"9":{"start":{"line":12,"column":17},"end":{"line":15,"column":6}},"10":{"start":{"line":16,"column":4},"end":{"line":16,"column":31}},"11":{"start":{"line":18,"column":4},"end":{"line":18,"column":30}},"12":{"start":{"line":22,"column":23},"end":{"line":46,"column":1}},"13":{"start":{"line":25,"column":2},"end":{"line":27,"column":3}},"14":{"start":{"line":26,"column":4},"end":{"line":26,"column":16}},"15":{"start":{"line":28,"column":15},"end":{"line":28,"column":28}},"16":{"start":{"line":29,"column":22},"end":{"line":35,"column":null}},"17":{"start":{"line":37,"column":23},"end":{"line":43,"column":null}},"18":{"start":{"line":45,"column":2},"end":{"line":45,"column":66}},"19":{"start":{"line":48,"column":14},"end":{"line":79,"column":2}},"20":{"start":{"line":48,"column":52},"end":{"line":79,"column":2}},"21":{"start":{"line":49,"column":16},"end":{"line":49,"column":30}},"22":{"start":{"line":50,"column":19},"end":{"line":50,"column":36}},"23":{"start":{"line":51,"column":2},"end":{"line":78,"column":3}},"24":{"start":{"line":52,"column":17},"end":{"line":52,"column":58}},"25":{"start":{"line":53,"column":4},"end":{"line":56,"column":5}},"26":{"start":{"line":54,"column":6},"end":{"line":54,"column":58}},"27":{"start":{"line":55,"column":6},"end":{"line":55,"column":13}},"28":{"start":{"line":57,"column":26},"end":{"line":57,"column":71}},"29":{"start":{"line":58,"column":4},"end":{"line":61,"column":5}},"30":{"start":{"line":59,"column":6},"end":{"line":59,"column":58}},"31":{"start":{"line":60,"column":6},"end":{"line":60,"column":13}},"32":{"start":{"line":62,"column":19},"end":{"line":62,"column":39}},"33":{"start":{"line":63,"column":4},"end":{"line":66,"column":5}},"34":{"start":{"line":64,"column":6},"end":{"line":64,"column":36}},"35":{"start":{"line":65,"column":6},"end":{"line":65,"column":13}},"36":{"start":{"line":67,"column":4},"end":{"line":69,"column":5}},"37":{"start":{"line":68,"column":6},"end":{"line":68,"column":30}},"38":{"start":{"line":70,"column":4},"end":{"line":70,"column":49}},"39":{"start":{"line":71,"column":4},"end":{"line":71,"column":16}},"40":{"start":{"line":72,"column":4},"end":{"line":75,"column":7}},"41":{"start":{"line":77,"column":4},"end":{"line":77,"column":30}},"42":{"start":{"line":81,"column":29},"end":{"line":125,"column":1}},"43":{"start":{"line":82,"column":2},"end":{"line":124,"column":4}},"44":{"start":{"line":84,"column":6},"end":{"line":87,"column":7}},"45":{"start":{"line":85,"column":8},"end":{"line":85,"column":24}},"46":{"start":{"line":86,"column":8},"end":{"line":86,"column":15}},"47":{"start":{"line":88,"column":6},"end":{"line":91,"column":7}},"48":{"start":{"line":89,"column":8},"end":{"line":89,"column":24}},"49":{"start":{"line":90,"column":8},"end":{"line":90,"column":15}},"50":{"start":{"line":92,"column":6},"end":{"line":122,"column":8}},"51":{"start":{"line":95,"column":41},"end":{"line":121,"column":null}},"52":{"start":{"line":96,"column":10},"end":{"line":99,"column":11}},"53":{"start":{"line":97,"column":12},"end":{"line":97,"column":24}},"54":{"start":{"line":98,"column":12},"end":{"line":98,"column":19}},"55":{"start":{"line":100,"column":26},"end":{"line":100,"column":49}},"56":{"start":{"line":101,"column":10},"end":{"line":120,"column":11}},"57":{"start":{"line":102,"column":25},"end":{"line":102,"column":57}},"58":{"start":{"line":103,"column":12},"end":{"line":106,"column":13}},"59":{"start":{"line":104,"column":14},"end":{"line":104,"column":30}},"60":{"start":{"line":105,"column":14},"end":{"line":105,"column":21}},"61":{"start":{"line":108,"column":12},"end":{"line":116,"column":13}},"62":{"start":{"line":112,"column":14},"end":{"line":112,"column":38}},"63":{"start":{"line":113,"column":14},"end":{"line":113,"column":32}},"64":{"start":{"line":114,"column":14},"end":{"line":114,"column":26}},"65":{"start":{"line":115,"column":14},"end":{"line":115,"column":21}},"66":{"start":{"line":117,"column":12},"end":{"line":117,"column":26}},"67":{"start":{"line":119,"column":12},"end":{"line":119,"column":24}},"68":{"start":{"line":126,"column":15},"end":{"line":143,"column":2}},"69":{"start":{"line":126,"column":53},"end":{"line":143,"column":2}},"70":{"start":{"line":127,"column":2},"end":{"line":142,"column":3}},"71":{"start":{"line":128,"column":17},"end":{"line":128,"column":66}},"72":{"start":{"line":129,"column":4},"end":{"line":132,"column":5}},"73":{"start":{"line":130,"column":6},"end":{"line":130,"column":36}},"74":{"start":{"line":131,"column":6},"end":{"line":131,"column":13}},"75":{"start":{"line":134,"column":4},"end":{"line":136,"column":6}},"76":{"start":{"line":135,"column":17},"end":{"line":135,"column":48}},"77":{"start":{"line":137,"column":4},"end":{"line":137,"column":22}},"78":{"start":{"line":138,"column":4},"end":{"line":138,"column":39}},"79":{"start":{"line":140,"column":4},"end":{"line":140,"column":34}},"80":{"start":{"line":141,"column":4},"end":{"line":141,"column":11}},"81":{"start":{"line":145,"column":16},"end":{"line":165,"column":2}},"82":{"start":{"line":145,"column":54},"end":{"line":165,"column":2}},"83":{"start":{"line":146,"column":2},"end":{"line":164,"column":3}},"84":{"start":{"line":147,"column":17},"end":{"line":147,"column":66}},"85":{"start":{"line":148,"column":19},"end":{"line":148,"column":39}},"86":{"start":{"line":149,"column":4},"end":{"line":152,"column":5}},"87":{"start":{"line":150,"column":6},"end":{"line":150,"column":36}},"88":{"start":{"line":151,"column":6},"end":{"line":151,"column":13}},"89":{"start":{"line":153,"column":4},"end":{"line":155,"column":6}},"90":{"start":{"line":154,"column":17},"end":{"line":154,"column":48}},"91":{"start":{"line":156,"column":4},"end":{"line":156,"column":49}},"92":{"start":{"line":157,"column":4},"end":{"line":157,"column":22}},"93":{"start":{"line":158,"column":4},"end":{"line":161,"column":7}},"94":{"start":{"line":163,"column":4},"end":{"line":163,"column":34}},"95":{"start":{"line":171,"column":30},"end":{"line":195,"column":1}},"96":{"start":{"line":176,"column":22},"end":{"line":176,"column":50}},"97":{"start":{"line":177,"column":16},"end":{"line":177,"column":56}},"98":{"start":{"line":178,"column":2},"end":{"line":181,"column":3}},"99":{"start":{"line":179,"column":4},"end":{"line":179,"column":42}},"100":{"start":{"line":180,"column":4},"end":{"line":180,"column":11}},"101":{"start":{"line":182,"column":2},"end":{"line":185,"column":3}},"102":{"start":{"line":183,"column":4},"end":{"line":183,"column":41}},"103":{"start":{"line":184,"column":4},"end":{"line":184,"column":11}},"104":{"start":{"line":186,"column":2},"end":{"line":194,"column":5}},"105":{"start":{"line":187,"column":4},"end":{"line":193,"column":5}},"106":{"start":{"line":188,"column":6},"end":{"line":188,"column":44}},"107":{"start":{"line":190,"column":22},"end":{"line":190,"column":45}},"108":{"start":{"line":191,"column":6},"end":{"line":191,"column":33}},"109":{"start":{"line":192,"column":6},"end":{"line":192,"column":13}},"110":{"start":{"line":171,"column":13},"end":{"line":171,"column":30}},"111":{"start":{"line":197,"column":0},"end":{"line":202,"column":2}}},"fnMap":{"0":{"name":"(anonymous_8)","decl":{"start":{"line":7,"column":17},"end":{"line":7,"column":24}},"loc":{"start":{"line":7,"column":55},"end":{"line":20,"column":2}}},"1":{"name":"(anonymous_9)","decl":{"start":{"line":7,"column":55},"end":{"line":7,"column":null}},"loc":{"start":{"line":7,"column":55},"end":{"line":20,"column":1}}},"2":{"name":"(anonymous_10)","decl":{"start":{"line":22,"column":23},"end":{"line":22,"column":null}},"loc":{"start":{"line":24,"column":58},"end":{"line":46,"column":1}}},"3":{"name":"(anonymous_11)","decl":{"start":{"line":48,"column":14},"end":{"line":48,"column":21}},"loc":{"start":{"line":48,"column":52},"end":{"line":79,"column":2}}},"4":{"name":"(anonymous_12)","decl":{"start":{"line":48,"column":52},"end":{"line":48,"column":null}},"loc":{"start":{"line":48,"column":52},"end":{"line":79,"column":1}}},"5":{"name":"(anonymous_13)","decl":{"start":{"line":81,"column":29},"end":{"line":81,"column":30}},"loc":{"start":{"line":81,"column":66},"end":{"line":125,"column":1}}},"6":{"name":"(anonymous_14)","decl":{"start":{"line":83,"column":4},"end":{"line":83,"column":5}},"loc":{"start":{"line":83,"column":24},"end":{"line":123,"column":5}}},"7":{"name":"(anonymous_15)","decl":{"start":{"line":95,"column":8},"end":{"line":95,"column":15}},"loc":{"start":{"line":95,"column":41},"end":{"line":121,"column":null}}},"8":{"name":"(anonymous_16)","decl":{"start":{"line":95,"column":41},"end":{"line":95,"column":null}},"loc":{"start":{"line":95,"column":41},"end":{"line":121,"column":9}}},"9":{"name":"(anonymous_17)","decl":{"start":{"line":126,"column":15},"end":{"line":126,"column":22}},"loc":{"start":{"line":126,"column":53},"end":{"line":143,"column":2}}},"10":{"name":"(anonymous_18)","decl":{"start":{"line":126,"column":53},"end":{"line":126,"column":null}},"loc":{"start":{"line":126,"column":53},"end":{"line":143,"column":1}}},"11":{"name":"(anonymous_19)","decl":{"start":{"line":135,"column":6},"end":{"line":135,"column":7}},"loc":{"start":{"line":135,"column":17},"end":{"line":135,"column":48}}},"12":{"name":"(anonymous_20)","decl":{"start":{"line":145,"column":16},"end":{"line":145,"column":23}},"loc":{"start":{"line":145,"column":54},"end":{"line":165,"column":2}}},"13":{"name":"(anonymous_21)","decl":{"start":{"line":145,"column":54},"end":{"line":145,"column":null}},"loc":{"start":{"line":145,"column":54},"end":{"line":165,"column":1}}},"14":{"name":"(anonymous_22)","decl":{"start":{"line":154,"column":6},"end":{"line":154,"column":7}},"loc":{"start":{"line":154,"column":17},"end":{"line":154,"column":48}}},"15":{"name":"(anonymous_23)","decl":{"start":{"line":171,"column":30},"end":{"line":171,"column":null}},"loc":{"start":{"line":175,"column":4},"end":{"line":195,"column":1}}},"16":{"name":"(anonymous_24)","decl":{"start":{"line":186,"column":46},"end":{"line":186,"column":47}},"loc":{"start":{"line":186,"column":63},"end":{"line":194,"column":3}}}},"branchMap":{"0":{"loc":{"start":{"line":25,"column":2},"end":{"line":27,"column":3}},"type":"if","locations":[{"start":{"line":25,"column":2},"end":{"line":27,"column":3}}]},"1":{"loc":{"start":{"line":53,"column":4},"end":{"line":56,"column":5}},"type":"if","locations":[{"start":{"line":53,"column":4},"end":{"line":56,"column":5}}]},"2":{"loc":{"start":{"line":58,"column":4},"end":{"line":61,"column":5}},"type":"if","locations":[{"start":{"line":58,"column":4},"end":{"line":61,"column":5}}]},"3":{"loc":{"start":{"line":63,"column":4},"end":{"line":66,"column":5}},"type":"if","locations":[{"start":{"line":63,"column":4},"end":{"line":66,"column":5}}]},"4":{"loc":{"start":{"line":67,"column":4},"end":{"line":69,"column":5}},"type":"if","locations":[{"start":{"line":67,"column":4},"end":{"line":69,"column":5}}]},"5":{"loc":{"start":{"line":84,"column":6},"end":{"line":87,"column":7}},"type":"if","locations":[{"start":{"line":84,"column":6},"end":{"line":87,"column":7}}]},"6":{"loc":{"start":{"line":88,"column":6},"end":{"line":91,"column":7}},"type":"if","locations":[{"start":{"line":88,"column":6},"end":{"line":91,"column":7}}]},"7":{"loc":{"start":{"line":96,"column":10},"end":{"line":99,"column":11}},"type":"if","locations":[{"start":{"line":96,"column":10},"end":{"line":99,"column":11}}]},"8":{"loc":{"start":{"line":103,"column":12},"end":{"line":106,"column":13}},"type":"if","locations":[{"start":{"line":103,"column":12},"end":{"line":106,"column":13}}]},"9":{"loc":{"start":{"line":108,"column":12},"end":{"line":116,"column":13}},"type":"if","locations":[{"start":{"line":108,"column":12},"end":{"line":116,"column":13}}]},"10":{"loc":{"start":{"line":109,"column":14},"end":{"line":110,"column":56}},"type":"binary-expr","locations":[{"start":{"line":109,"column":14},"end":{"line":109,"column":33}},{"start":{"line":110,"column":14},"end":{"line":110,"column":56}}]},"11":{"loc":{"start":{"line":129,"column":4},"end":{"line":132,"column":5}},"type":"if","locations":[{"start":{"line":129,"column":4},"end":{"line":132,"column":5}}]},"12":{"loc":{"start":{"line":149,"column":4},"end":{"line":152,"column":5}},"type":"if","locations":[{"start":{"line":149,"column":4},"end":{"line":152,"column":5}}]},"13":{"loc":{"start":{"line":177,"column":16},"end":{"line":177,"column":56}},"type":"binary-expr","locations":[{"start":{"line":177,"column":16},"end":{"line":177,"column":27}},{"start":{"line":177,"column":31},"end":{"line":177,"column":56}}]},"14":{"loc":{"start":{"line":178,"column":2},"end":{"line":181,"column":3}},"type":"if","locations":[{"start":{"line":178,"column":2},"end":{"line":181,"column":3}}]},"15":{"loc":{"start":{"line":182,"column":2},"end":{"line":185,"column":3}},"type":"if","locations":[{"start":{"line":182,"column":2},"end":{"line":185,"column":3}}]},"16":{"loc":{"start":{"line":187,"column":4},"end":{"line":193,"column":5}},"type":"if","locations":[{"start":{"line":187,"column":4},"end":{"line":193,"column":5}},{"start":{"line":189,"column":11},"end":{"line":193,"column":5}}]}},"s":{"0":4,"1":4,"2":4,"3":4,"4":7,"5":7,"6":7,"7":7,"8":7,"9":6,"10":5,"11":2,"12":4,"13":11,"14":0,"15":11,"16":11,"17":11,"18":11,"19":4,"20":12,"21":12,"22":12,"23":12,"24":12,"25":12,"26":3,"27":3,"28":9,"29":9,"30":1,"31":1,"32":8,"33":8,"34":0,"35":0,"36":8,"37":0,"38":8,"39":8,"40":8,"41":0,"42":4,"43":15,"44":15,"45":2,"46":2,"47":13,"48":0,"49":0,"50":13,"51":13,"52":13,"53":5,"54":5,"55":8,"56":8,"57":8,"58":8,"59":1,"60":1,"61":7,"62":3,"63":3,"64":3,"65":3,"66":4,"67":0,"68":4,"69":3,"70":3,"71":3,"72":1,"73":0,"74":0,"75":1,"76":1,"77":1,"78":1,"79":2,"80":2,"81":4,"82":12,"83":12,"84":12,"85":3,"86":3,"87":0,"88":0,"89":3,"90":5,"91":3,"92":3,"93":3,"94":9,"95":4,"96":18,"97":18,"98":18,"99":5,"100":5,"101":13,"102":1,"103":1,"104":12,"105":12,"106":2,"107":10,"108":10,"109":10,"110":4,"111":4},"f":{"0":7,"1":7,"2":11,"3":12,"4":12,"5":15,"6":15,"7":13,"8":13,"9":3,"10":3,"11":1,"12":12,"13":12,"14":5,"15":18,"16":12},"b":{"0":[0],"1":[3],"2":[1],"3":[0],"4":[0],"5":[2],"6":[0],"7":[5],"8":[1],"9":[3],"10":[7,7],"11":[0],"12":[0],"13":[18,14],"14":[5],"15":[1],"16":[2,10]}}
,"C:\\Users\\PC\\Desktop\\toar1\\rest-api-assignment\\src\\controllers\\baseController.ts": {"path":"C:\\Users\\PC\\Desktop\\toar1\\rest-api-assignment\\src\\controllers\\baseController.ts","statementMap":{"0":{"start":{"line":7,"column":4},"end":{"line":7,"column":23}},"1":{"start":{"line":12,"column":24},"end":{"line":12,"column":39}},"2":{"start":{"line":13,"column":4},"end":{"line":24,"column":5}},"3":{"start":{"line":14,"column":6},"end":{"line":20,"column":7}},"4":{"start":{"line":15,"column":22},"end":{"line":15,"column":67}},"5":{"start":{"line":16,"column":8},"end":{"line":16,"column":36}},"6":{"start":{"line":18,"column":22},"end":{"line":18,"column":45}},"7":{"start":{"line":19,"column":8},"end":{"line":19,"column":36}},"8":{"start":{"line":22,"column":6},"end":{"line":22,"column":23}},"9":{"start":{"line":23,"column":6},"end":{"line":23,"column":32}},"10":{"start":{"line":28,"column":15},"end":{"line":28,"column":28}},"11":{"start":{"line":29,"column":4},"end":{"line":39,"column":5}},"12":{"start":{"line":30,"column":19},"end":{"line":30,"column":48}},"13":{"start":{"line":31,"column":6},"end":{"line":35,"column":7}},"14":{"start":{"line":32,"column":8},"end":{"line":32,"column":54}},"15":{"start":{"line":34,"column":8},"end":{"line":34,"column":42}},"16":{"start":{"line":37,"column":6},"end":{"line":37,"column":23}},"17":{"start":{"line":38,"column":6},"end":{"line":38,"column":32}},"18":{"start":{"line":43,"column":4},"end":{"line":43,"column":26}},"19":{"start":{"line":44,"column":4},"end":{"line":50,"column":5}},"20":{"start":{"line":45,"column":19},"end":{"line":45,"column":52}},"21":{"start":{"line":46,"column":6},"end":{"line":46,"column":33}},"22":{"start":{"line":48,"column":6},"end":{"line":48,"column":22}},"23":{"start":{"line":49,"column":6},"end":{"line":49,"column":20}},"24":{"start":{"line":54,"column":15},"end":{"line":54,"column":28}},"25":{"start":{"line":55,"column":4},"end":{"line":66,"column":5}},"26":{"start":{"line":56,"column":19},"end":{"line":56,"column":67}},"27":{"start":{"line":57,"column":6},"end":{"line":61,"column":7}},"28":{"start":{"line":58,"column":8},"end":{"line":58,"column":54}},"29":{"start":{"line":60,"column":8},"end":{"line":60,"column":42}},"30":{"start":{"line":63,"column":6},"end":{"line":63,"column":23}},"31":{"start":{"line":64,"column":6},"end":{"line":64,"column":22}},"32":{"start":{"line":65,"column":6},"end":{"line":65,"column":20}},"33":{"start":{"line":70,"column":15},"end":{"line":70,"column":28}},"34":{"start":{"line":71,"column":4},"end":{"line":82,"column":5}},"35":{"start":{"line":72,"column":19},"end":{"line":72,"column":57}},"36":{"start":{"line":73,"column":6},"end":{"line":77,"column":7}},"37":{"start":{"line":74,"column":8},"end":{"line":74,"column":54}},"38":{"start":{"line":76,"column":8},"end":{"line":76,"column":42}},"39":{"start":{"line":79,"column":6},"end":{"line":79,"column":23}},"40":{"start":{"line":80,"column":6},"end":{"line":80,"column":22}},"41":{"start":{"line":81,"column":6},"end":{"line":81,"column":20}},"42":{"start":{"line":4,"column":0},"end":{"line":4,"column":13}},"43":{"start":{"line":86,"column":25},"end":{"line":88,"column":1}},"44":{"start":{"line":87,"column":2},"end":{"line":87,"column":35}},"45":{"start":{"line":90,"column":0},"end":{"line":90,"column":32}}},"fnMap":{"0":{"name":"(anonymous_7)","decl":{"start":{"line":6,"column":2},"end":{"line":6,"column":14}},"loc":{"start":{"line":6,"column":29},"end":{"line":8,"column":3}}},"1":{"name":"(anonymous_8)","decl":{"start":{"line":11,"column":8},"end":{"line":11,"column":14}},"loc":{"start":{"line":11,"column":42},"end":{"line":25,"column":null}}},"2":{"name":"(anonymous_10)","decl":{"start":{"line":27,"column":8},"end":{"line":27,"column":15}},"loc":{"start":{"line":27,"column":43},"end":{"line":40,"column":null}}},"3":{"name":"(anonymous_12)","decl":{"start":{"line":42,"column":8},"end":{"line":42,"column":14}},"loc":{"start":{"line":42,"column":42},"end":{"line":51,"column":null}}},"4":{"name":"(anonymous_14)","decl":{"start":{"line":53,"column":8},"end":{"line":53,"column":14}},"loc":{"start":{"line":53,"column":42},"end":{"line":67,"column":null}}},"5":{"name":"(anonymous_16)","decl":{"start":{"line":69,"column":8},"end":{"line":69,"column":14}},"loc":{"start":{"line":69,"column":42},"end":{"line":83,"column":null}}},"6":{"name":"(anonymous_18)","decl":{"start":{"line":86,"column":25},"end":{"line":86,"column":29}},"loc":{"start":{"line":86,"column":48},"end":{"line":88,"column":1}}}},"branchMap":{"0":{"loc":{"start":{"line":14,"column":6},"end":{"line":20,"column":7}},"type":"if","locations":[{"start":{"line":14,"column":6},"end":{"line":20,"column":7}},{"start":{"line":17,"column":13},"end":{"line":20,"column":7}}]},"1":{"loc":{"start":{"line":31,"column":6},"end":{"line":35,"column":7}},"type":"if","locations":[{"start":{"line":31,"column":6},"end":{"line":35,"column":7}},{"start":{"line":33,"column":13},"end":{"line":35,"column":7}}]},"2":{"loc":{"start":{"line":57,"column":6},"end":{"line":61,"column":7}},"type":"if","locations":[{"start":{"line":57,"column":6},"end":{"line":61,"column":7}},{"start":{"line":59,"column":13},"end":{"line":61,"column":7}}]},"3":{"loc":{"start":{"line":73,"column":6},"end":{"line":77,"column":7}},"type":"if","locations":[{"start":{"line":73,"column":6},"end":{"line":77,"column":7}},{"start":{"line":75,"column":13},"end":{"line":77,"column":7}}]}},"s":{"0":12,"1":9,"2":9,"3":9,"4":2,"5":2,"6":7,"7":7,"8":0,"9":0,"10":9,"11":9,"12":9,"13":8,"14":4,"15":4,"16":1,"17":1,"18":8,"19":8,"20":8,"21":5,"22":3,"23":3,"24":3,"25":3,"26":3,"27":2,"28":1,"29":1,"30":1,"31":1,"32":1,"33":2,"34":2,"35":2,"36":2,"37":1,"38":1,"39":0,"40":0,"41":0,"42":4,"43":4,"44":8,"45":4},"f":{"0":12,"1":9,"2":9,"3":8,"4":3,"5":2,"6":8},"b":{"0":[2,7],"1":[4,4],"2":[1,1],"3":[1,1]}}
,"C:\\Users\\PC\\Desktop\\toar1\\rest-api-assignment\\src\\controllers\\commentController.ts": {"path":"C:\\Users\\PC\\Desktop\\toar1\\rest-api-assignment\\src\\controllers\\commentController.ts","statementMap":{"0":{"start":{"line":1,"column":0},"end":{"line":1,"column":67}},"1":{"start":{"line":2,"column":0},"end":{"line":2,"column":48}},"2":{"start":{"line":4,"column":27},"end":{"line":4,"column":68}},"3":{"start":{"line":6,"column":0},"end":{"line":6,"column":34}}},"fnMap":{},"branchMap":{},"s":{"0":4,"1":4,"2":4,"3":4},"f":{},"b":{}}
,"C:\\Users\\PC\\Desktop\\toar1\\rest-api-assignment\\src\\controllers\\postsController.ts": {"path":"C:\\Users\\PC\\Desktop\\toar1\\rest-api-assignment\\src\\controllers\\postsController.ts","statementMap":{"0":{"start":{"line":2,"column":0},"end":{"line":2,"column":58}},"1":{"start":{"line":3,"column":0},"end":{"line":3,"column":50}},"2":{"start":{"line":7,"column":4},"end":{"line":7,"column":21}},"3":{"start":{"line":11,"column":19},"end":{"line":11,"column":36}},"4":{"start":{"line":12,"column":14},"end":{"line":14,"column":null}},"5":{"start":{"line":16,"column":4},"end":{"line":16,"column":20}},"6":{"start":{"line":17,"column":4},"end":{"line":17,"column":27}},"7":{"start":{"line":21,"column":0},"end":{"line":21,"column":36}}},"fnMap":{"0":{"name":"(anonymous_8)","decl":{"start":{"line":6,"column":2},"end":{"line":6,"column":null}},"loc":{"start":{"line":6,"column":2},"end":{"line":8,"column":3}}},"1":{"name":"(anonymous_9)","decl":{"start":{"line":10,"column":8},"end":{"line":10,"column":14}},"loc":{"start":{"line":10,"column":42},"end":{"line":18,"column":null}}}},"branchMap":{},"s":{"0":4,"1":4,"2":4,"3":5,"4":5,"5":5,"6":5,"7":4},"f":{"0":4,"1":5},"b":{}}
,"C:\\Users\\PC\\Desktop\\toar1\\rest-api-assignment\\src\\controllers\\userController.ts": {"path":"C:\\Users\\PC\\Desktop\\toar1\\rest-api-assignment\\src\\controllers\\userController.ts","statementMap":{"0":{"start":{"line":1,"column":0},"end":{"line":1,"column":54}},"1":{"start":{"line":2,"column":0},"end":{"line":2,"column":48}},"2":{"start":{"line":4,"column":23},"end":{"line":4,"column":57}},"3":{"start":{"line":6,"column":0},"end":{"line":6,"column":30}}},"fnMap":{},"branchMap":{},"s":{"0":4,"1":4,"2":4,"3":4},"f":{},"b":{}}
,"C:\\Users\\PC\\Desktop\\toar1\\rest-api-assignment\\src\\models\\comment_models.ts": {"path":"C:\\Users\\PC\\Desktop\\toar1\\rest-api-assignment\\src\\models\\comment_models.ts","statementMap":{"0":{"start":{"line":1,"column":0},"end":{"line":1,"column":32}},"1":{"start":{"line":9,"column":23},"end":{"line":24,"column":2}},"2":{"start":{"line":26,"column":22},"end":{"line":26,"column":74}},"3":{"start":{"line":28,"column":0},"end":{"line":28,"column":29}}},"fnMap":{},"branchMap":{},"s":{"0":4,"1":4,"2":4,"3":4},"f":{},"b":{}}
,"C:\\Users\\PC\\Desktop\\toar1\\rest-api-assignment\\src\\models\\posts_models.ts": {"path":"C:\\Users\\PC\\Desktop\\toar1\\rest-api-assignment\\src\\models\\posts_models.ts","statementMap":{"0":{"start":{"line":1,"column":0},"end":{"line":1,"column":32}},"1":{"start":{"line":9,"column":19},"end":{"line":19,"column":2}},"2":{"start":{"line":21,"column":18},"end":{"line":21,"column":60}},"3":{"start":{"line":23,"column":0},"end":{"line":23,"column":25}}},"fnMap":{},"branchMap":{},"s":{"0":4,"1":4,"2":4,"3":4},"f":{},"b":{}}
,"C:\\Users\\PC\\Desktop\\toar1\\rest-api-assignment\\src\\models\\user_model.ts": {"path":"C:\\Users\\PC\\Desktop\\toar1\\rest-api-assignment\\src\\models\\user_model.ts","statementMap":{"0":{"start":{"line":1,"column":0},"end":{"line":1,"column":32}},"1":{"start":{"line":11,"column":19},"end":{"line":25,"column":2}},"2":{"start":{"line":27,"column":18},"end":{"line":27,"column":60}},"3":{"start":{"line":29,"column":0},"end":{"line":29,"column":25}}},"fnMap":{},"branchMap":{},"s":{"0":4,"1":4,"2":4,"3":4},"f":{},"b":{}}
,"C:\\Users\\PC\\Desktop\\toar1\\rest-api-assignment\\src\\routes\\authRoutes.ts": {"path":"C:\\Users\\PC\\Desktop\\toar1\\rest-api-assignment\\src\\routes\\authRoutes.ts","statementMap":{"0":{"start":{"line":1,"column":0},"end":{"line":1,"column":30}},"1":{"start":{"line":2,"column":15},"end":{"line":2,"column":31}},"2":{"start":{"line":3,"column":0},"end":{"line":3,"column":59}},"3":{"start":{"line":61,"column":0},"end":{"line":61,"column":50}},"4":{"start":{"line":95,"column":0},"end":{"line":95,"column":44}},"5":{"start":{"line":119,"column":0},"end":{"line":119,"column":46}},"6":{"start":{"line":157,"column":0},"end":{"line":157,"column":48}},"7":{"start":{"line":159,"column":0},"end":{"line":159,"column":22}}},"fnMap":{},"branchMap":{},"s":{"0":4,"1":4,"2":4,"3":4,"4":4,"5":4,"6":4,"7":4},"f":{},"b":{}}
,"C:\\Users\\PC\\Desktop\\toar1\\rest-api-assignment\\src\\routes\\commentsRoutes.ts": {"path":"C:\\Users\\PC\\Desktop\\toar1\\rest-api-assignment\\src\\routes\\commentsRoutes.ts","statementMap":{"0":{"start":{"line":1,"column":0},"end":{"line":1,"column":30}},"1":{"start":{"line":2,"column":15},"end":{"line":2,"column":31}},"2":{"start":{"line":3,"column":0},"end":{"line":3,"column":66}},"3":{"start":{"line":4,"column":0},"end":{"line":4,"column":63}},"4":{"start":{"line":7,"column":0},"end":{"line":7,"column":68}},"5":{"start":{"line":10,"column":0},"end":{"line":12,"column":3}},"6":{"start":{"line":11,"column":2},"end":{"line":11,"column":39}},"7":{"start":{"line":15,"column":0},"end":{"line":15,"column":85}},"8":{"start":{"line":18,"column":0},"end":{"line":18,"column":71}},"9":{"start":{"line":21,"column":0},"end":{"line":21,"column":90}},"10":{"start":{"line":23,"column":0},"end":{"line":23,"column":22}}},"fnMap":{"0":{"name":"(anonymous_1)","decl":{"start":{"line":10,"column":19},"end":{"line":10,"column":20}},"loc":{"start":{"line":10,"column":32},"end":{"line":12,"column":1}}}},"branchMap":{},"s":{"0":4,"1":4,"2":4,"3":4,"4":4,"5":4,"6":2,"7":4,"8":4,"9":4,"10":4},"f":{"0":2},"b":{}}
,"C:\\Users\\PC\\Desktop\\toar1\\rest-api-assignment\\src\\routes\\postsRoutes.ts": {"path":"C:\\Users\\PC\\Desktop\\toar1\\rest-api-assignment\\src\\routes\\postsRoutes.ts","statementMap":{"0":{"start":{"line":1,"column":0},"end":{"line":1,"column":30}},"1":{"start":{"line":2,"column":15},"end":{"line":2,"column":31}},"2":{"start":{"line":3,"column":0},"end":{"line":3,"column":60}},"3":{"start":{"line":4,"column":0},"end":{"line":4,"column":63}},"4":{"start":{"line":66,"column":0},"end":{"line":66,"column":60}},"5":{"start":{"line":95,"column":0},"end":{"line":97,"column":3}},"6":{"start":{"line":96,"column":2},"end":{"line":96,"column":35}},"7":{"start":{"line":130,"column":0},"end":{"line":134,"column":2}},"8":{"start":{"line":160,"column":0},"end":{"line":160,"column":77}},"9":{"start":{"line":191,"column":0},"end":{"line":191,"column":63}},"10":{"start":{"line":220,"column":0},"end":{"line":224,"column":2}},"11":{"start":{"line":226,"column":0},"end":{"line":226,"column":22}}},"fnMap":{"0":{"name":"(anonymous_1)","decl":{"start":{"line":95,"column":19},"end":{"line":95,"column":20}},"loc":{"start":{"line":95,"column":32},"end":{"line":97,"column":1}}}},"branchMap":{},"s":{"0":4,"1":4,"2":4,"3":4,"4":4,"5":4,"6":4,"7":4,"8":4,"9":4,"10":4,"11":4},"f":{"0":4},"b":{}}
,"C:\\Users\\PC\\Desktop\\toar1\\rest-api-assignment\\src\\routes\\userRoutes.ts": {"path":"C:\\Users\\PC\\Desktop\\toar1\\rest-api-assignment\\src\\routes\\userRoutes.ts","statementMap":{"0":{"start":{"line":1,"column":0},"end":{"line":1,"column":31}},"1":{"start":{"line":2,"column":15},"end":{"line":2,"column":32}},"2":{"start":{"line":3,"column":0},"end":{"line":3,"column":59}},"3":{"start":{"line":4,"column":0},"end":{"line":4,"column":63}},"4":{"start":{"line":6,"column":0},"end":{"line":6,"column":60}},"5":{"start":{"line":7,"column":0},"end":{"line":7,"column":64}},"6":{"start":{"line":8,"column":0},"end":{"line":8,"column":76}},"7":{"start":{"line":9,"column":0},"end":{"line":9,"column":63}},"8":{"start":{"line":10,"column":0},"end":{"line":10,"column":82}},"9":{"start":{"line":12,"column":0},"end":{"line":12,"column":22}}},"fnMap":{},"branchMap":{},"s":{"0":4,"1":4,"2":4,"3":4,"4":4,"5":4,"6":4,"7":4,"8":4,"9":4},"f":{},"b":{}}
}
