TN:
SF:src/server.ts
FN:42,(anonymous_8)
FN:43,(anonymous_9)
FN:43,(anonymous_10)
FNF:3
FNH:3
FNDA:12,(anonymous_8)
FNDA:12,(anonymous_9)
FNDA:12,(anonymous_10)
DA:1,5
DA:2,5
DA:3,5
DA:4,5
DA:5,5
DA:6,5
DA:7,5
DA:8,5
DA:9,5
DA:10,5
DA:11,5
DA:12,5
DA:15,5
DA:16,5
DA:21,5
DA:22,5
DA:23,5
DA:24,5
DA:26,5
DA:38,5
DA:39,5
DA:42,5
DA:43,12
DA:44,12
DA:45,12
DA:47,12
DA:48,1
DA:50,1
DA:51,1
DA:55,11
DA:56,1
DA:57,1
DA:61,10
DA:62,1
DA:65,10
DA:66,9
DA:67,9
DA:69,1
DA:70,1
DA:75,5
LF:40
LH:40
BRDA:47,0,0,1
BRDA:55,1,0,1
BRDA:61,2,0,1
BRF:3
BRH:3
end_of_record
TN:
SF:src/controllers/authController.ts
FN:7,(anonymous_8)
FN:7,(anonymous_9)
FN:22,(anonymous_10)
FN:48,(anonymous_11)
FN:48,(anonymous_12)
FN:81,(anonymous_13)
FN:83,(anonymous_14)
FN:95,(anonymous_15)
FN:95,(anonymous_16)
FN:126,(anonymous_17)
FN:126,(anonymous_18)
FN:135,(anonymous_19)
FN:145,(anonymous_20)
FN:145,(anonymous_21)
FN:154,(anonymous_22)
FN:171,(anonymous_23)
FN:186,(anonymous_24)
FNF:17
FNH:17
FNDA:12,(anonymous_8)
FNDA:12,(anonymous_9)
FNDA:13,(anonymous_10)
FNDA:14,(anonymous_11)
FNDA:14,(anonymous_12)
FNDA:20,(anonymous_13)
FNDA:20,(anonymous_14)
FNDA:15,(anonymous_15)
FNDA:15,(anonymous_16)
FNDA:3,(anonymous_17)
FNDA:3,(anonymous_18)
FNDA:1,(anonymous_19)
FNDA:17,(anonymous_20)
FNDA:17,(anonymous_21)
FNDA:5,(anonymous_22)
FNDA:16,(anonymous_23)
FNDA:12,(anonymous_24)
DA:2,5
DA:3,5
DA:4,5
DA:7,12
DA:8,12
DA:9,12
DA:10,12
DA:11,12
DA:12,11
DA:16,9
DA:18,3
DA:22,5
DA:25,13
DA:26,1
DA:28,12
DA:29,12
DA:37,12
DA:45,12
DA:48,14
DA:49,14
DA:50,14
DA:51,14
DA:52,14
DA:53,14
DA:54,3
DA:55,3
DA:57,11
DA:58,11
DA:59,1
DA:60,1
DA:62,10
DA:63,10
DA:64,1
DA:65,1
DA:67,9
DA:68,0
DA:70,9
DA:71,9
DA:72,9
DA:77,0
DA:81,5
DA:82,20
DA:84,20
DA:85,4
DA:86,4
DA:88,16
DA:89,1
DA:90,1
DA:92,15
DA:95,15
DA:96,15
DA:97,6
DA:98,6
DA:100,9
DA:101,9
DA:102,9
DA:103,9
DA:104,2
DA:105,2
DA:108,7
DA:112,3
DA:113,3
DA:114,3
DA:115,3
DA:117,4
DA:119,0
DA:126,5
DA:127,3
DA:128,3
DA:129,1
DA:130,0
DA:131,0
DA:134,1
DA:135,1
DA:137,1
DA:138,1
DA:140,2
DA:141,2
DA:145,17
DA:146,17
DA:147,17
DA:148,3
DA:149,3
DA:150,0
DA:151,0
DA:153,3
DA:154,5
DA:156,3
DA:157,3
DA:158,3
DA:163,14
DA:171,5
DA:176,16
DA:177,16
DA:178,16
DA:179,3
DA:180,3
DA:182,13
DA:183,1
DA:184,1
DA:186,12
DA:187,12
DA:188,2
DA:190,10
DA:191,10
DA:192,10
DA:197,5
LF:107
LH:100
BRDA:25,0,0,1
BRDA:53,1,0,3
BRDA:58,2,0,1
BRDA:63,3,0,1
BRDA:67,4,0,0
BRDA:84,5,0,4
BRDA:88,6,0,1
BRDA:96,7,0,6
BRDA:103,8,0,2
BRDA:108,9,0,3
BRDA:109,10,0,7
BRDA:109,10,1,7
BRDA:129,11,0,0
BRDA:149,12,0,0
BRDA:177,13,0,16
BRDA:177,13,1,13
BRDA:178,14,0,3
BRDA:182,15,0,1
BRDA:187,16,0,2
BRDA:187,16,1,10
BRF:20
BRH:17
end_of_record
TN:
SF:src/controllers/baseController.ts
FN:7,(anonymous_8)
FN:11,(anonymous_9)
FN:50,(anonymous_11)
FN:65,(anonymous_13)
FN:76,(anonymous_15)
FN:94,(anonymous_17)
FN:111,(anonymous_19)
FNF:7
FNH:7
FNDA:15,(anonymous_8)
FNDA:10,(anonymous_9)
FNDA:8,(anonymous_11)
FNDA:7,(anonymous_13)
FNDA:5,(anonymous_15)
FNDA:3,(anonymous_17)
FNDA:10,(anonymous_19)
DA:3,5
DA:5,5
DA:8,15
DA:12,10
DA:13,10
DA:14,10
DA:15,3
DA:16,0
DA:19,3
DA:21,3
DA:25,1
DA:29,3
DA:32,3
DA:33,1
DA:36,2
DA:38,0
DA:42,7
DA:43,7
DA:45,0
DA:46,0
DA:51,8
DA:52,8
DA:53,8
DA:54,7
DA:55,3
DA:57,4
DA:60,1
DA:61,1
DA:66,7
DA:67,7
DA:68,7
DA:69,4
DA:71,3
DA:72,3
DA:77,5
DA:78,5
DA:79,5
DA:83,3
DA:84,1
DA:86,2
DA:89,2
DA:90,2
DA:95,3
DA:96,3
DA:97,3
DA:98,3
DA:99,1
DA:101,2
DA:104,0
DA:105,0
DA:106,0
DA:111,5
DA:112,10
DA:115,5
LF:54
LH:47
BRDA:14,0,0,3
BRDA:15,1,0,0
BRDA:21,2,0,1
BRDA:22,3,0,3
BRDA:22,3,1,2
BRDA:32,4,0,1
BRDA:54,5,0,3
BRDA:54,5,1,4
BRDA:83,6,0,1
BRDA:83,6,1,2
BRDA:98,7,0,1
BRDA:98,7,1,2
BRF:12
BRH:11
end_of_record
TN:
SF:src/controllers/commentController.ts
FNF:0
FNH:0
DA:1,5
DA:2,5
DA:4,5
DA:6,5
LF:4
LH:4
BRF:0
BRH:0
end_of_record
TN:
SF:src/controllers/postsController.ts
FN:6,(anonymous_8)
FN:10,(anonymous_9)
FNF:2
FNH:2
FNDA:5,(anonymous_8)
FNDA:5,(anonymous_9)
DA:2,5
DA:3,5
DA:7,5
DA:11,5
DA:12,5
DA:16,5
DA:17,5
DA:21,5
LF:8
LH:8
BRF:0
BRH:0
end_of_record
TN:
SF:src/controllers/userController.ts
FNF:0
FNH:0
DA:1,5
DA:2,5
DA:4,5
DA:6,5
LF:4
LH:4
BRF:0
BRH:0
end_of_record
TN:
SF:src/models/comment_models.ts
FNF:0
FNH:0
DA:1,5
DA:9,5
DA:26,5
DA:28,5
LF:4
LH:4
BRF:0
BRH:0
end_of_record
TN:
SF:src/models/posts_models.ts
FNF:0
FNH:0
DA:1,5
DA:9,5
DA:21,5
DA:23,5
LF:4
LH:4
BRF:0
BRH:0
end_of_record
TN:
SF:src/models/user_model.ts
FNF:0
FNH:0
DA:1,5
DA:11,5
DA:27,5
DA:29,5
LF:4
LH:4
BRF:0
BRH:0
end_of_record
TN:
SF:src/routes/authRoutes.ts
FNF:0
FNH:0
DA:1,5
DA:2,5
DA:3,5
DA:65,5
DA:99,5
DA:123,5
DA:161,5
DA:163,5
LF:8
LH:8
BRF:0
BRH:0
end_of_record
TN:
SF:src/routes/commentsRoutes.ts
FN:94,(anonymous_1)
FNF:1
FNH:1
FNDA:2,(anonymous_1)
DA:1,5
DA:2,5
DA:3,5
DA:4,5
DA:65,5
DA:94,5
DA:95,2
DA:123,5
DA:155,5
DA:185,5
DA:187,5
LF:11
LH:11
BRF:0
BRH:0
end_of_record
TN:
SF:src/routes/postsRoutes.ts
FN:95,(anonymous_1)
FNF:1
FNH:1
FNDA:3,(anonymous_1)
DA:1,5
DA:2,5
DA:3,5
DA:4,5
DA:66,5
DA:95,5
DA:96,3
DA:148,5
DA:210,5
DA:237,5
DA:243,5
LF:11
LH:11
BRF:0
BRH:0
end_of_record
TN:
SF:src/routes/userRoutes.ts
FNF:0
FNH:0
DA:1,5
DA:2,5
DA:3,5
DA:4,5
DA:58,5
DA:85,5
DA:116,5
DA:143,5
DA:149,5
LF:9
LH:9
BRF:0
BRH:0
end_of_record
